{"target": 0.2332571483859323, "params": {"SVC_C": 11.45439996324119, "SVC_gamma": 0.4955447482697106, "imputer_strategy": 0.6675524224671163, "kernel_SVC": 0.8089219418735465, "knn_imputer": 0.06357812211580582, "knn_imputer_k": 4.065051376768528, "scaler_choice": 0.9933465759833063}, "datetime": {"datetime": "2024-03-29 14:58:23", "elapsed": 0.0, "delta": 0.0}}
{"target": 0.19526214587563495, "params": {"SVC_C": 61.907318407199625, "SVC_gamma": 4.643878155276916, "imputer_strategy": 0.5593641233259324, "kernel_SVC": 0.6128341180464585, "knn_imputer": 0.7153445931463458, "knn_imputer_k": 3.738734352711111, "scaler_choice": 0.28651352093336346}, "datetime": {"datetime": "2024-03-29 14:58:46", "elapsed": 23.785465, "delta": 23.785465}}
{"target": 0.48586554223948397, "params": {"SVC_C": 70.22130682007781, "SVC_gamma": 0.03735514269277318, "imputer_strategy": 0.6831996905221945, "kernel_SVC": 0.010498378590719337, "knn_imputer": 0.8091276471757304, "knn_imputer_k": 3.6418806810220676, "scaler_choice": 0.5532349634394309}, "datetime": {"datetime": "2024-03-29 14:59:17", "elapsed": 54.792483, "delta": 31.007018}}
{"target": 0.48176010803081815, "params": {"SVC_C": 41.55525578377981, "SVC_gamma": 3.5876229274316707, "imputer_strategy": 0.7399360698465869, "kernel_SVC": 0.2501854302505455, "knn_imputer": 0.9681428484505955, "knn_imputer_k": 8.07479509335813, "scaler_choice": 0.18527330768724137}, "datetime": {"datetime": "2024-03-29 15:05:12", "elapsed": 409.357356, "delta": 354.564873}}
{"target": -0.36889738514330667, "params": {"SVC_C": 16.75772623051534, "SVC_gamma": 1.5623163425811954, "imputer_strategy": 0.12424233571417775, "kernel_SVC": 0.6625623361024491, "knn_imputer": 0.6448163087628853, "knn_imputer_k": 4.178346471470564, "scaler_choice": 0.2111274885604577}, "datetime": {"datetime": "2024-03-29 15:05:35", "elapsed": 432.488359, "delta": 23.131003}}
{"target": 0.48664728968433557, "params": {"SVC_C": 62.68554149905756, "SVC_gamma": 4.523372798639426, "imputer_strategy": 0.8735192280958933, "kernel_SVC": 0.08661464010631559, "knn_imputer": 0.0399624634590281, "knn_imputer_k": 8.079414532989986, "scaler_choice": 0.5822878076942399}, "datetime": {"datetime": "2024-03-29 15:05:59", "elapsed": 456.46626, "delta": 23.977901}}
{"target": -0.40666524602771426, "params": {"SVC_C": 44.40677456923794, "SVC_gamma": 1.7653297654870448, "imputer_strategy": 0.8133826269492671, "kernel_SVC": 0.3981472215117169, "knn_imputer": 0.44739675505578336, "knn_imputer_k": 7.724945282842984, "scaler_choice": 0.9611115996882282}, "datetime": {"datetime": "2024-03-29 15:06:21", "elapsed": 478.757951, "delta": 22.291691}}
{"target": 0.2877185035506797, "params": {"SVC_C": 2.950380261655683, "SVC_gamma": 3.161571333451615, "imputer_strategy": 0.7033094055825364, "kernel_SVC": 0.8779062926867783, "knn_imputer": 0.1896149043507248, "knn_imputer_k": 5.923469448244771, "scaler_choice": 0.8476026519336052}, "datetime": {"datetime": "2024-03-29 15:06:34", "elapsed": 491.3681, "delta": 12.610149}}
{"target": 0.2894838174218845, "params": {"SVC_C": 38.279345194023755, "SVC_gamma": 3.6876706466276605, "imputer_strategy": 0.3026563203725299, "kernel_SVC": 0.7886589430515494, "knn_imputer": 0.8634712551731231, "knn_imputer_k": 7.437626267636091, "scaler_choice": 0.7093477668819262}, "datetime": {"datetime": "2024-03-29 15:06:46", "elapsed": 503.860051, "delta": 12.491951}}
{"target": -0.5416631749935505, "params": {"SVC_C": 11.471432615152638, "SVC_gamma": 3.235715935626679, "imputer_strategy": 0.5148382896921208, "kernel_SVC": 0.5592640068584999, "knn_imputer": 0.6688474100974894, "knn_imputer_k": 7.440913361053411, "scaler_choice": 0.1568492406014177}, "datetime": {"datetime": "2024-03-29 15:07:08", "elapsed": 525.380175, "delta": 21.520124}}
{"target": -0.5434903394198107, "params": {"SVC_C": 22.03486769496852, "SVC_gamma": 3.4888071308746635, "imputer_strategy": 0.2313870621578733, "kernel_SVC": 0.3667690866620148, "knn_imputer": 0.6863601640282488, "knn_imputer_k": 5.062334396442912, "scaler_choice": 0.96040934088725}, "datetime": {"datetime": "2024-03-29 15:07:36", "elapsed": 553.668608, "delta": 28.288433}}
{"target": 0.4782302870818652, "params": {"SVC_C": 80.19638555331399, "SVC_gamma": 2.2603882528861865, "imputer_strategy": 0.9484498222731226, "kernel_SVC": 0.31534168080945424, "knn_imputer": 0.7885268963250381, "knn_imputer_k": 9.050259047185735, "scaler_choice": 0.15505034737952594}, "datetime": {"datetime": "2024-03-29 15:12:20", "elapsed": 837.863443, "delta": 284.194835}}
{"target": 0.47918516492298613, "params": {"SVC_C": 24.280889514183354, "SVC_gamma": 2.6193190595152256, "imputer_strategy": 0.6407030623553599, "kernel_SVC": 0.0564163005209003, "knn_imputer": 0.04232168334979203, "knn_imputer_k": 5.73927920870706, "scaler_choice": 0.42572028273607043}, "datetime": {"datetime": "2024-03-29 15:12:38", "elapsed": 855.573939, "delta": 17.710496}}
{"target": -0.19554019750476304, "params": {"SVC_C": 56.68136240041846, "SVC_gamma": 4.641056771617672, "imputer_strategy": 0.1409322727677753, "kernel_SVC": 0.5845921534596917, "knn_imputer": 0.3068399242199613, "knn_imputer_k": 3.7088132075556266, "scaler_choice": 0.5546056122239822}, "datetime": {"datetime": "2024-03-29 15:12:57", "elapsed": 874.30345, "delta": 18.729511}}
{"target": 0.4811542234610896, "params": {"SVC_C": 15.520183092336117, "SVC_gamma": 1.0516190038562585, "imputer_strategy": 0.7623332694559684, "kernel_SVC": 0.12538686054641368, "knn_imputer": 0.15654515423919801, "knn_imputer_k": 3.907277106495711, "scaler_choice": 0.7489415840155962}, "datetime": {"datetime": "2024-03-29 15:38:45", "elapsed": 2422.463039, "delta": 1548.159589}}
{"target": 0.26123250982804846, "params": {"SVC_C": 61.94843939036039, "SVC_gamma": 4.798977618359163, "imputer_strategy": 0.7132622203534114, "kernel_SVC": 0.7138766550001359, "knn_imputer": 0.4837995775641286, "knn_imputer_k": 4.0549643965641975, "scaler_choice": 0.14994234893921388}, "datetime": {"datetime": "2024-03-29 15:38:55", "elapsed": 2432.74016, "delta": 10.277121}}
{"target": 0.4827240833359453, "params": {"SVC_C": 25.23429953186988, "SVC_gamma": 2.250239928955235, "imputer_strategy": 0.8144716544322378, "kernel_SVC": 0.0, "knn_imputer": 0.0, "knn_imputer_k": 6.026634189526324, "scaler_choice": 0.1987881109073255}, "datetime": {"datetime": "2024-03-29 15:40:25", "elapsed": 2522.316911, "delta": 89.576751}}
{"target": 0.4821447655215033, "params": {"SVC_C": 14.536570759712506, "SVC_gamma": 0.5002484217328096, "imputer_strategy": 0.9910939083899685, "kernel_SVC": 0.08314007878344265, "knn_imputer": 0.031586539564483984, "knn_imputer_k": 3.397871675578429, "scaler_choice": 0.1899821141664626}, "datetime": {"datetime": "2024-03-29 15:41:21", "elapsed": 2578.434179, "delta": 56.117268}}
{"target": -0.41787606365994284, "params": {"SVC_C": 13.887765193537094, "SVC_gamma": 1.8570745076008506, "imputer_strategy": 0.10060314701037132, "kernel_SVC": 0.42801269206591486, "knn_imputer": 0.15593478332886324, "knn_imputer_k": 3.2507452170121667, "scaler_choice": 0.7957527195016788}, "datetime": {"datetime": "2024-03-29 15:41:47", "elapsed": 2603.989837, "delta": 25.555658}}
{"target": 0.4822176151829861, "params": {"SVC_C": 24.354411148321187, "SVC_gamma": 1.4356807390311555, "imputer_strategy": 0.4688659644562577, "kernel_SVC": 0.0, "knn_imputer": 0.0, "knn_imputer_k": 6.334102394530717, "scaler_choice": 0.47406404630550847}, "datetime": {"datetime": "2024-03-29 15:42:04", "elapsed": 2621.297723, "delta": 17.307886}}
{"target": 0.23210576484912596, "params": {"SVC_C": 24.585660833901404, "SVC_gamma": 2.1860243252278835, "imputer_strategy": 0.7937523467025883, "kernel_SVC": 0.698044948366666, "knn_imputer": 0.8556414852008004, "knn_imputer_k": 6.977191227158633, "scaler_choice": 0.619157840929745}, "datetime": {"datetime": "2024-03-29 15:42:17", "elapsed": 2634.888332, "delta": 13.590609}}
{"target": 0.48302821436633003, "params": {"SVC_C": 24.76779075380675, "SVC_gamma": 1.4774517062539414, "imputer_strategy": 0.34145303581173136, "kernel_SVC": 0.0, "knn_imputer": 0.0, "knn_imputer_k": 4.911693454177264, "scaler_choice": 0.01477769202308464}, "datetime": {"datetime": "2024-03-29 15:43:57", "elapsed": 2734.668612, "delta": 99.78028}}
{"target": 0.28378237246334065, "params": {"SVC_C": 25.285487793235664, "SVC_gamma": 1.8440022274221695, "imputer_strategy": 0.0, "kernel_SVC": 0.9606064948085723, "knn_imputer": 0.0, "knn_imputer_k": 5.3790372444820305, "scaler_choice": 1.0}, "datetime": {"datetime": "2024-03-29 15:44:10", "elapsed": 2747.713635, "delta": 13.045023}}
{"target": 0.47723252739090205, "params": {"SVC_C": 40.24023761241099, "SVC_gamma": 4.6572332628027375, "imputer_strategy": 0.7478488149104227, "kernel_SVC": 0.10155054889331029, "knn_imputer": 1.0, "knn_imputer_k": 8.356011050191249, "scaler_choice": 0.0}, "datetime": {"datetime": "2024-03-29 15:49:45", "elapsed": 3082.40942, "delta": 334.695785}}
{"target": 0.4821995638768586, "params": {"SVC_C": 40.687845811803655, "SVC_gamma": 4.290782134266212, "imputer_strategy": 0.7951851445319831, "kernel_SVC": 0.1283263564760101, "knn_imputer": 1.0, "knn_imputer_k": 6.505496531275155, "scaler_choice": 0.0}, "datetime": {"datetime": "2024-03-29 15:55:54", "elapsed": 3451.695072, "delta": 369.285652}}
{"target": 0.4772145121168848, "params": {"SVC_C": 14.998076367653459, "SVC_gamma": 0.0, "imputer_strategy": 1.0, "kernel_SVC": 0.0, "knn_imputer": 0.0, "knn_imputer_k": 4.793249713992091, "scaler_choice": 1.0}, "datetime": {"datetime": "2024-03-29 16:15:29", "elapsed": 4626.811861, "delta": 1175.116789}}
{"target": 0.48302821436633003, "params": {"SVC_C": 40.227235967435576, "SVC_gamma": 2.957526934941186, "imputer_strategy": 0.0, "kernel_SVC": 0.0, "knn_imputer": 0.0, "knn_imputer_k": 7.574102344952156, "scaler_choice": 0.0}, "datetime": {"datetime": "2024-03-29 16:17:53", "elapsed": 4770.276072, "delta": 143.464211}}
{"target": 0.2599454192010478, "params": {"SVC_C": 63.98260405350341, "SVC_gamma": 5.0, "imputer_strategy": 1.0, "kernel_SVC": 1.0, "knn_imputer": 0.0, "knn_imputer_k": 6.5909007358225775, "scaler_choice": 0.0}, "datetime": {"datetime": "2024-03-29 16:18:05", "elapsed": 4782.887405, "delta": 12.611333}}
{"target": -0.5261236908666858, "params": {"SVC_C": 40.28428072653332, "SVC_gamma": 3.0408483312922483, "imputer_strategy": 0.07002835047154965, "kernel_SVC": 0.6033979603149732, "knn_imputer": 0.7810222399533729, "knn_imputer_k": 9.619798210487508, "scaler_choice": 0.2928338250501613}, "datetime": {"datetime": "2024-03-29 16:18:30", "elapsed": 4807.565543, "delta": 24.678138}}
{"target": 0.4802248646836357, "params": {"SVC_C": 15.693815276450307, "SVC_gamma": 0.0, "imputer_strategy": 1.0, "kernel_SVC": 0.0, "knn_imputer": 0.0, "knn_imputer_k": 3.049066744543942, "scaler_choice": 1.0}, "datetime": {"datetime": "2024-03-29 16:42:20", "elapsed": 6236.930213, "delta": 1429.36467}}
{"target": 0.48239150852304413, "params": {"SVC_C": 41.00109182827875, "SVC_gamma": 4.89263148295017, "imputer_strategy": 0.12073745689034399, "kernel_SVC": 0.03031973079232697, "knn_imputer": 0.6299854154832477, "knn_imputer_k": 7.455806462072349, "scaler_choice": 0.7975657314799506}, "datetime": {"datetime": "2024-03-29 17:28:59", "elapsed": 9036.388152, "delta": 2799.457939}}
{"target": 0.489681463483243, "params": {"SVC_C": 40.62697371323557, "SVC_gamma": 3.0761230050708583, "imputer_strategy": 0.0, "kernel_SVC": 0.0, "knn_imputer": 0.0, "knn_imputer_k": 6.012965544748584, "scaler_choice": 1.0}, "datetime": {"datetime": "2024-03-29 18:14:49", "elapsed": 11786.121971, "delta": 2749.733819}}
{"target": 0.24882209984851744, "params": {"SVC_C": 40.57374130655149, "SVC_gamma": 2.545200628016142, "imputer_strategy": 0.7536409479966562, "kernel_SVC": 0.8685107693833206, "knn_imputer": 0.9580824005670119, "knn_imputer_k": 6.4928680569995, "scaler_choice": 0.0046415489446293146}, "datetime": {"datetime": "2024-03-29 18:15:01", "elapsed": 11798.334937, "delta": 12.212966}}
{"target": 0.25769154910667325, "params": {"SVC_C": 41.576431360002815, "SVC_gamma": 4.923443125476926, "imputer_strategy": 1.0, "kernel_SVC": 1.0, "knn_imputer": 0.0, "knn_imputer_k": 7.470450297415031, "scaler_choice": 0.0}, "datetime": {"datetime": "2024-03-29 18:15:12", "elapsed": 11809.255276, "delta": 10.920339}}
{"target": 0.482377840254702, "params": {"SVC_C": 39.412468739551755, "SVC_gamma": 4.676966115546355, "imputer_strategy": 0.0, "kernel_SVC": 0.0, "knn_imputer": 0.0, "knn_imputer_k": 6.5959890722715935, "scaler_choice": 0.0}, "datetime": {"datetime": "2024-03-29 18:21:23", "elapsed": 12180.580369, "delta": 371.325093}}
{"target": 0.47810625807172435, "params": {"SVC_C": 60.95528523901215, "SVC_gamma": 3.5756426620284967, "imputer_strategy": 1.0, "kernel_SVC": 0.0, "knn_imputer": 0.0, "knn_imputer_k": 7.417100722832843, "scaler_choice": 0.0}, "datetime": {"datetime": "2024-03-29 18:24:38", "elapsed": 12375.818067, "delta": 195.237698}}
{"target": 0.4807204481291798, "params": {"SVC_C": 60.90316979354194, "SVC_gamma": 5.0, "imputer_strategy": 1.0, "kernel_SVC": 0.0, "knn_imputer": 0.0, "knn_imputer_k": 9.227765735913666, "scaler_choice": 0.0}, "datetime": {"datetime": "2024-03-29 18:33:42", "elapsed": 12918.981691, "delta": 543.163624}}
{"target": 0.4885294053191649, "params": {"SVC_C": 61.593724702144684, "SVC_gamma": 3.0125474006901287, "imputer_strategy": 1.0, "kernel_SVC": 0.2854936334124105, "knn_imputer": 0.06143942660097156, "knn_imputer_k": 9.378751272158595, "scaler_choice": 1.0}, "datetime": {"datetime": "2024-03-29 19:38:47", "elapsed": 16824.433008, "delta": 3905.451317}}
{"target": 0.3173049895474066, "params": {"SVC_C": 60.91154407558283, "SVC_gamma": 4.468063194491035, "imputer_strategy": 0.0, "kernel_SVC": 1.0, "knn_imputer": 0.0, "knn_imputer_k": 8.206009119686577, "scaler_choice": 1.0}, "datetime": {"datetime": "2024-03-29 19:38:58", "elapsed": 16835.07907, "delta": 10.646062}}
{"target": 0.482498602453006, "params": {"SVC_C": 62.91087994172144, "SVC_gamma": 2.1760868531243007, "imputer_strategy": 1.0, "kernel_SVC": 0.0, "knn_imputer": 0.0, "knn_imputer_k": 8.063718786765515, "scaler_choice": 0.0}, "datetime": {"datetime": "2024-03-29 19:43:35", "elapsed": 17112.509793, "delta": 277.430723}}
{"target": 0.4807204481291798, "params": {"SVC_C": 63.026382963313736, "SVC_gamma": 3.824314824027111, "imputer_strategy": 1.0, "kernel_SVC": 0.0, "knn_imputer": 1.0, "knn_imputer_k": 9.95807904888709, "scaler_choice": 0.0}, "datetime": {"datetime": "2024-03-29 19:47:35", "elapsed": 17352.015028, "delta": 239.505235}}
{"target": 0.2858248040305126, "params": {"SVC_C": 64.18837597885167, "SVC_gamma": 2.7443353282804748, "imputer_strategy": 1.0, "kernel_SVC": 1.0, "knn_imputer": 0.0, "knn_imputer_k": 9.546741768127546, "scaler_choice": 1.0}, "datetime": {"datetime": "2024-03-29 19:47:45", "elapsed": 17362.757305, "delta": 10.742277}}
{"target": 0.48037844585992695, "params": {"SVC_C": 60.80059541189932, "SVC_gamma": 1.532528367595799, "imputer_strategy": 1.0, "kernel_SVC": 0.0, "knn_imputer": 1.0, "knn_imputer_k": 8.62869796567367, "scaler_choice": 0.0}, "datetime": {"datetime": "2024-03-29 19:55:51", "elapsed": 17848.452456, "delta": 485.695151}}
{"target": 0.48077959515868474, "params": {"SVC_C": 59.67723787117592, "SVC_gamma": 3.2639218281251874, "imputer_strategy": 1.0, "kernel_SVC": 0.0, "knn_imputer": 1.0, "knn_imputer_k": 10.0, "scaler_choice": 0.0}, "datetime": {"datetime": "2024-03-29 20:00:42", "elapsed": 18139.797282, "delta": 291.344826}}
{"target": 0.4885294053191649, "params": {"SVC_C": 61.93151082151412, "SVC_gamma": 2.082374876974012, "imputer_strategy": 0.0, "kernel_SVC": 0.0, "knn_imputer": 1.0, "knn_imputer_k": 6.9748723963896, "scaler_choice": 1.0}, "datetime": {"datetime": "2024-03-29 21:05:24", "elapsed": 22021.792342, "delta": 3881.99506}}
{"target": 0.4811106242809937, "params": {"SVC_C": 61.970352192252456, "SVC_gamma": 1.1370480044500648, "imputer_strategy": 0.0, "kernel_SVC": 0.0, "knn_imputer": 0.0, "knn_imputer_k": 10.0, "scaler_choice": 0.0}, "datetime": {"datetime": "2024-03-29 21:09:18", "elapsed": 22255.33235, "delta": 233.540008}}
{"target": 0.4885294053191649, "params": {"SVC_C": 61.81345356557386, "SVC_gamma": 0.0, "imputer_strategy": 0.0, "kernel_SVC": 0.0, "knn_imputer": 0.0, "knn_imputer_k": 7.839024434919764, "scaler_choice": 1.0}, "datetime": {"datetime": "2024-03-29 22:20:10", "elapsed": 26507.048245, "delta": 4251.715895}}
{"target": 0.48961738920107256, "params": {"SVC_C": 59.42542330955506, "SVC_gamma": 0.907180983922523, "imputer_strategy": 0.0, "kernel_SVC": 0.0, "knn_imputer": 0.0, "knn_imputer_k": 9.702423977871325, "scaler_choice": 1.0}, "datetime": {"datetime": "2024-03-29 23:26:37", "elapsed": 30494.36803, "delta": 3987.319785}}
{"target": -0.11768742771220597, "params": {"SVC_C": 60.099728678606844, "SVC_gamma": 0.6210008493138097, "imputer_strategy": 0.04373896243835318, "kernel_SVC": 0.6279887832028308, "knn_imputer": 0.1179557906830917, "knn_imputer_k": 6.2890600004185595, "scaler_choice": 0.5541497408904542}, "datetime": {"datetime": "2024-03-29 23:26:54", "elapsed": 30510.899596, "delta": 16.531566}}
{"target": 0.486191839699044, "params": {"SVC_C": 63.16975046276469, "SVC_gamma": 0.11311246252228513, "imputer_strategy": 0.7208110486896613, "kernel_SVC": 0.1454365163338064, "knn_imputer": 0.8769402124799502, "knn_imputer_k": 8.885250373344576, "scaler_choice": 0.46894731267420997}, "datetime": {"datetime": "2024-03-29 23:27:20", "elapsed": 30537.240417, "delta": 26.340821}}
{"target": 0.269604532210014, "params": {"SVC_C": 64.74913045716562, "SVC_gamma": 0.6304306233047346, "imputer_strategy": 0.1466076799558037, "kernel_SVC": 0.7538684454184912, "knn_imputer": 0.7735298571474915, "knn_imputer_k": 6.864978458628393, "scaler_choice": 0.23062166072054335}, "datetime": {"datetime": "2024-03-29 23:27:32", "elapsed": 30549.567452, "delta": 12.327035}}
{"target": 0.48713986610840165, "params": {"SVC_C": 62.360671790240275, "SVC_gamma": 1.9035392231441834, "imputer_strategy": 0.0, "kernel_SVC": 0.0, "knn_imputer": 1.0, "knn_imputer_k": 8.931772100765098, "scaler_choice": 1.0}, "datetime": {"datetime": "2024-03-30 00:36:32", "elapsed": 34689.074012, "delta": 4139.50656}}
{"target": 0.48534299583357954, "params": {"SVC_C": 72.7758795137098, "SVC_gamma": 0.16010321105092487, "imputer_strategy": 0.8485396722768053, "kernel_SVC": 0.0, "knn_imputer": 0.7551607484177733, "knn_imputer_k": 4.117422663773327, "scaler_choice": 0.5019733195549594}, "datetime": {"datetime": "2024-03-30 00:37:02", "elapsed": 34719.136866, "delta": 30.062854}}
{"target": 0.485467230229351, "params": {"SVC_C": 71.25652700678826, "SVC_gamma": 2.1495933057247867, "imputer_strategy": 0.5868285599641714, "kernel_SVC": 0.0, "knn_imputer": 0.4739255891211676, "knn_imputer_k": 4.817052551990055, "scaler_choice": 0.3866628162435716}, "datetime": {"datetime": "2024-03-30 00:37:36", "elapsed": 34753.510821, "delta": 34.373955}}
{"target": 0.18743939952205416, "params": {"SVC_C": 61.065410174849966, "SVC_gamma": 0.0, "imputer_strategy": 1.0, "kernel_SVC": 1.0, "knn_imputer": 1.0, "knn_imputer_k": 10.0, "scaler_choice": 1.0}, "datetime": {"datetime": "2024-03-30 00:37:49", "elapsed": 34766.439904, "delta": 12.929083}}
